1622021426311	mozrunner::runner	INFO	Running command: "/usr/bin/firefox" "-marionette" "-foreground" "-no-remote" "-profile" "/tmp/rust_mozprofilet6Khv0"
Unable to init server: Broadway display type not supported: host.docker.internal:0
Error: cannot open display: host.docker.internal:0
1622021534949	mozrunner::runner	INFO	Running command: "/usr/bin/firefox" "-marionette" "-foreground" "-no-remote" "-profile" "/tmp/rust_mozprofileKiP0Hl"
1622021534951	geckodriver::marionette	DEBUG	Waiting 60s to connect to browser on 127.0.0.1:34805
Unable to init server: Broadway display type not supported: host.docker.internal:0
Error: cannot open display: host.docker.internal:0
1622021537160	mozrunner::runner	DEBUG	Killing process 121
1622021537162	webdriver::server	DEBUG	<- 500 Internal Server Error {"value":{"error":"unknown error","message":"invalid argument: can't kill an exited process","stacktrace":""}}
1622021649069	mozrunner::runner	INFO	Running command: "/usr/bin/firefox" "-marionette" "-headless" "-foreground" "-no-remote" "-profile" "/tmp/rust_mozprofileLkV3Cz"
*** You are running in headless mode.
[GFX1-]: glxtest: libpci missing
[GFX1-]: glxtest: Unable to open a connection to the X server
[GFX1-]: glxtest: libEGL initialize failed
[GFX1-]: No GPUs detected via PCI

(/usr/lib/firefox/firefox:189): GLib-GObject-CRITICAL **: 09:34:20.354: g_object_set: assertion 'G_IS_OBJECT (object)' failed

(/usr/lib/firefox/firefox:212): GLib-GObject-CRITICAL **: 09:34:20.481: g_object_set: assertion 'G_IS_OBJECT (object)' failed
console.warn: SearchSettings: "get: No settings file exists, new profile?" (new Error("", "(unknown module)"))
1622021662036	Marionette	INFO	Listening on port 34599

(/usr/lib/firefox/firefox:284): GLib-GObject-CRITICAL **: 09:34:22.061: g_object_set: assertion 'G_IS_OBJECT (object)' failed
1622021662169	Marionette	WARN	TLS certificate errors will be ignored for this session
1622021672868	mozrunner::runner	INFO	Running command: "/usr/bin/firefox" "-marionette" "-headless" "-foreground" "-no-remote" "-profile" "/tmp/rust_mozprofilepSvv7y"
*** You are running in headless mode.
[GFX1-]: glxtest: libpci missing
[GFX1-]: glxtest: Unable to open a connection to the X server
[GFX1-]: glxtest: libEGL initialize failed
[GFX1-]: No GPUs detected via PCI

(/usr/lib/firefox/firefox:379): GLib-GObject-CRITICAL **: 09:34:43.651: g_object_set: assertion 'G_IS_OBJECT (object)' failed

(/usr/lib/firefox/firefox:404): GLib-GObject-CRITICAL **: 09:34:43.789: g_object_set: assertion 'G_IS_OBJECT (object)' failed
console.warn: SearchSettings: "get: No settings file exists, new profile?" (new Error("", "(unknown module)"))
1622021685295	Marionette	INFO	Listening on port 40507
1622021685344	Marionette	WARN	TLS certificate errors will be ignored for this session

(/usr/lib/firefox/firefox:474): GLib-GObject-CRITICAL **: 09:34:45.361: g_object_set: assertion 'G_IS_OBJECT (object)' failed
console.log: WebExtensions: reset-default-search: No addons in our list are installed.
console.log: WebExtensions: reset-default-search: No addons in our list are installed.
1622022155653	mozrunner::runner	INFO	Running command: "/usr/bin/firefox" "-marionette" "-headless" "-foreground" "-no-remote" "-profile" "/tmp/rust_mozprofilesaD5VJ"
*** You are running in headless mode.
[GFX1-]: glxtest: libpci missing
[GFX1-]: glxtest: Unable to open a connection to the X server
[GFX1-]: glxtest: libEGL initialize failed
[GFX1-]: No GPUs detected via PCI

(/usr/lib/firefox/firefox:660): GLib-GObject-CRITICAL **: 09:42:46.908: g_object_set: assertion 'G_IS_OBJECT (object)' failed

(/usr/lib/firefox/firefox:682): GLib-GObject-CRITICAL **: 09:42:47.083: g_object_set: assertion 'G_IS_OBJECT (object)' failed
console.warn: SearchSettings: "get: No settings file exists, new profile?" (new Error("", "(unknown module)"))
1622022168982	Marionette	INFO	Listening on port 33163

(/usr/lib/firefox/firefox:755): GLib-GObject-CRITICAL **: 09:42:49.041: g_object_set: assertion 'G_IS_OBJECT (object)' failed
1622022169066	Marionette	WARN	TLS certificate errors will be ignored for this session
console.log: WebExtensions: reset-default-search: No addons in our list are installed.
1622023277267	mozrunner::runner	INFO	Running command: "/usr/bin/firefox" "-marionette" "-headless" "-foreground" "-no-remote" "-profile" "/tmp/rust_mozprofileSLxr5u"
*** You are running in headless mode.
[GFX1-]: glxtest: libpci missing
[GFX1-]: glxtest: Unable to open a connection to the X server
[GFX1-]: glxtest: libEGL initialize failed
[GFX1-]: No GPUs detected via PCI

(/usr/lib/firefox/firefox:940): GLib-GObject-CRITICAL **: 10:01:28.026: g_object_set: assertion 'G_IS_OBJECT (object)' failed

(/usr/lib/firefox/firefox:962): GLib-GObject-CRITICAL **: 10:01:28.174: g_object_set: assertion 'G_IS_OBJECT (object)' failed
console.warn: SearchSettings: "get: No settings file exists, new profile?" (new Error("", "(unknown module)"))
1622023289961	Marionette	INFO	Listening on port 46683

(/usr/lib/firefox/firefox:1039): GLib-GObject-CRITICAL **: 10:01:29.969: g_object_set: assertion 'G_IS_OBJECT (object)' failed
1622023290034	Marionette	WARN	TLS certificate errors will be ignored for this session
1622023336517	mozrunner::runner	INFO	Running command: "/usr/bin/firefox" "-marionette" "-headless" "-foreground" "-no-remote" "-profile" "/tmp/rust_mozprofilexdOt2A"
*** You are running in headless mode.
[GFX1-]: glxtest: libpci missing
[GFX1-]: glxtest: Unable to open a connection to the X server
[GFX1-]: glxtest: libEGL initialize failed
[GFX1-]: No GPUs detected via PCI

(/usr/lib/firefox/firefox:1178): GLib-GObject-CRITICAL **: 10:02:27.175: g_object_set: assertion 'G_IS_OBJECT (object)' failed

(/usr/lib/firefox/firefox:1203): GLib-GObject-CRITICAL **: 10:02:27.370: g_object_set: assertion 'G_IS_OBJECT (object)' failed
console.warn: SearchSettings: "get: No settings file exists, new profile?" (new Error("", "(unknown module)"))
1622023349458	Marionette	INFO	Listening on port 38173

(/usr/lib/firefox/firefox:1274): GLib-GObject-CRITICAL **: 10:02:29.460: g_object_set: assertion 'G_IS_OBJECT (object)' failed
1622023349606	Marionette	WARN	TLS certificate errors will be ignored for this session
1622023445698	mozrunner::runner	INFO	Running command: "/usr/bin/firefox" "-marionette" "-headless" "-foreground" "-no-remote" "-profile" "/tmp/rust_mozprofileMgIGBK"
*** You are running in headless mode.
[GFX1-]: glxtest: libpci missing
[GFX1-]: glxtest: Unable to open a connection to the X server
[GFX1-]: glxtest: libEGL initialize failed
[GFX1-]: No GPUs detected via PCI

(/usr/lib/firefox/firefox:1414): GLib-GObject-CRITICAL **: 10:04:16.581: g_object_set: assertion 'G_IS_OBJECT (object)' failed

(/usr/lib/firefox/firefox:1436): GLib-GObject-CRITICAL **: 10:04:16.676: g_object_set: assertion 'G_IS_OBJECT (object)' failed
console.warn: SearchSettings: "get: No settings file exists, new profile?" (new Error("", "(unknown module)"))
1622023458147	Marionette	INFO	Listening on port 44657

(/usr/lib/firefox/firefox:1510): GLib-GObject-CRITICAL **: 10:04:18.181: g_object_set: assertion 'G_IS_OBJECT (object)' failed
1622023458290	Marionette	WARN	TLS certificate errors will be ignored for this session
1622023530902	mozrunner::runner	INFO	Running command: "/usr/bin/firefox" "-marionette" "-headless" "-foreground" "-no-remote" "-profile" "/tmp/rust_mozprofileIBwJXt"
*** You are running in headless mode.
[GFX1-]: glxtest: libpci missing
[GFX1-]: glxtest: Unable to open a connection to the X server
[GFX1-]: glxtest: libEGL initialize failed
[GFX1-]: No GPUs detected via PCI

(/usr/lib/firefox/firefox:1663): GLib-GObject-CRITICAL **: 10:05:41.997: g_object_set: assertion 'G_IS_OBJECT (object)' failed

(/usr/lib/firefox/firefox:1686): GLib-GObject-CRITICAL **: 10:05:42.164: g_object_set: assertion 'G_IS_OBJECT (object)' failed
console.warn: SearchSettings: "get: No settings file exists, new profile?" (new Error("", "(unknown module)"))
1622023544298	Marionette	INFO	Listening on port 34887

(/usr/lib/firefox/firefox:1760): GLib-GObject-CRITICAL **: 10:05:44.343: g_object_set: assertion 'G_IS_OBJECT (object)' failed

(/usr/lib/firefox/firefox:1761): GLib-GObject-CRITICAL **: 10:05:44.376: g_object_set: assertion 'G_IS_OBJECT (object)' failed
1622023544403	Marionette	WARN	TLS certificate errors will be ignored for this session
console.log: WebExtensions: reset-default-search: No addons in our list are installed.
console.log: WebExtensions: reset-default-search: No addons in our list are installed.
console.log: WebExtensions: reset-default-search: No addons in our list are installed.
1622023881421	mozrunner::runner	INFO	Running command: "/usr/bin/firefox" "-marionette" "-headless" "-foreground" "-no-remote" "-profile" "/tmp/rust_mozprofileuc7VlI"
*** You are running in headless mode.
[GFX1-]: glxtest: libpci missing
[GFX1-]: glxtest: Unable to open a connection to the X server
[GFX1-]: glxtest: libEGL initialize failed
[GFX1-]: No GPUs detected via PCI

(/usr/lib/firefox/firefox:1987): GLib-GObject-CRITICAL **: 10:11:32.220: g_object_set: assertion 'G_IS_OBJECT (object)' failed

(/usr/lib/firefox/firefox:2009): GLib-GObject-CRITICAL **: 10:11:32.322: g_object_set: assertion 'G_IS_OBJECT (object)' failed
console.warn: SearchSettings: "get: No settings file exists, new profile?" (new Error("", "(unknown module)"))
1622023893703	Marionette	INFO	Listening on port 45203

(/usr/lib/firefox/firefox:2084): GLib-GObject-CRITICAL **: 10:11:33.799: g_object_set: assertion 'G_IS_OBJECT (object)' failed
1622023893822	Marionette	WARN	TLS certificate errors will be ignored for this session
console.log: WebExtensions: reset-default-search: No addons in our list are installed.
1622023989307	mozrunner::runner	INFO	Running command: "/usr/bin/firefox" "-marionette" "-headless" "-foreground" "-no-remote" "-profile" "/tmp/rust_mozprofileM4mE8x"
*** You are running in headless mode.
[GFX1-]: glxtest: libpci missing
[GFX1-]: glxtest: Unable to open a connection to the X server
[GFX1-]: glxtest: libEGL initialize failed
[GFX1-]: No GPUs detected via PCI

(/usr/lib/firefox/firefox:2234): GLib-GObject-CRITICAL **: 10:13:20.744: g_object_set: assertion 'G_IS_OBJECT (object)' failed

(/usr/lib/firefox/firefox:2239): GLib-GObject-CRITICAL **: 10:13:20.928: g_object_set: assertion 'G_IS_OBJECT (object)' failed
console.warn: SearchSettings: "get: No settings file exists, new profile?" (new Error("", "(unknown module)"))
1622024004632	Marionette	INFO	Listening on port 39003
1622024004783	Marionette	WARN	TLS certificate errors will be ignored for this session

(/usr/lib/firefox/firefox:2334): GLib-GObject-CRITICAL **: 10:13:24.982: g_object_set: assertion 'G_IS_OBJECT (object)' failed
1622024087708	mozrunner::runner	INFO	Running command: "/usr/bin/firefox" "-marionette" "-headless" "-foreground" "-no-remote" "-profile" "/tmp/rust_mozprofileo25m2E"
*** You are running in headless mode.
[GFX1-]: glxtest: libpci missing
[GFX1-]: glxtest: Unable to open a connection to the X server
[GFX1-]: glxtest: libEGL initialize failed
[GFX1-]: No GPUs detected via PCI

(/usr/lib/firefox/firefox:2481): GLib-GObject-CRITICAL **: 10:14:59.263: g_object_set: assertion 'G_IS_OBJECT (object)' failed

(/usr/lib/firefox/firefox:2497): GLib-GObject-CRITICAL **: 10:14:59.679: g_object_set: assertion 'G_IS_OBJECT (object)' failed
console.warn: SearchSettings: "get: No settings file exists, new profile?" (new Error("", "(unknown module)"))
1622024102442	Marionette	INFO	Listening on port 33951
1622024102533	Marionette	WARN	TLS certificate errors will be ignored for this session

(/usr/lib/firefox/firefox:2579): GLib-GObject-CRITICAL **: 10:15:02.610: g_object_set: assertion 'G_IS_OBJECT (object)' failed
1622024122127	mozrunner::runner	INFO	Running command: "/usr/bin/firefox" "-marionette" "-headless" "-foreground" "-no-remote" "-profile" "/tmp/rust_mozprofile7d7947"
*** You are running in headless mode.
[GFX1-]: glxtest: libpci missing
[GFX1-]: glxtest: Unable to open a connection to the X server
[GFX1-]: glxtest: libEGL initialize failed
[GFX1-]: No GPUs detected via PCI

(/usr/lib/firefox/firefox:2708): GLib-GObject-CRITICAL **: 10:15:33.479: g_object_set: assertion 'G_IS_OBJECT (object)' failed

(/usr/lib/firefox/firefox:2730): GLib-GObject-CRITICAL **: 10:15:34.055: g_object_set: assertion 'G_IS_OBJECT (object)' failed
console.warn: SearchSettings: "get: No settings file exists, new profile?" (new Error("", "(unknown module)"))

(/usr/lib/firefox/firefox:2797): GLib-GObject-CRITICAL **: 10:15:37.858: g_object_set: assertion 'G_IS_OBJECT (object)' failed
1622024138224	Marionette	INFO	Listening on port 46189
1622024138356	Marionette	WARN	TLS certificate errors will be ignored for this session
1622024170512	mozrunner::runner	INFO	Running command: "/usr/bin/firefox" "-marionette" "-headless" "-foreground" "-no-remote" "-profile" "/tmp/rust_mozprofileuBYmB7"
*** You are running in headless mode.
[GFX1-]: glxtest: libpci missing
[GFX1-]: glxtest: Unable to open a connection to the X server
[GFX1-]: glxtest: libEGL initialize failed
[GFX1-]: No GPUs detected via PCI

(/usr/lib/firefox/firefox:2960): GLib-GObject-CRITICAL **: 10:16:21.804: g_object_set: assertion 'G_IS_OBJECT (object)' failed

(/usr/lib/firefox/firefox:2982): GLib-GObject-CRITICAL **: 10:16:21.981: g_object_set: assertion 'G_IS_OBJECT (object)' failed
console.warn: SearchSettings: "get: No settings file exists, new profile?" (new Error("", "(unknown module)"))
1622024187997	Marionette	INFO	Listening on port 45217

(/usr/lib/firefox/firefox:3062): GLib-GObject-CRITICAL **: 10:16:28.038: g_object_set: assertion 'G_IS_OBJECT (object)' failed
1622024188101	Marionette	WARN	TLS certificate errors will be ignored for this session
1622024221300	mozrunner::runner	INFO	Running command: "/usr/bin/firefox" "-marionette" "-headless" "-foreground" "-no-remote" "-profile" "/tmp/rust_mozprofileENJpNY"
*** You are running in headless mode.
[GFX1-]: glxtest: libpci missing
[GFX1-]: glxtest: Unable to open a connection to the X server
[GFX1-]: glxtest: libEGL initialize failed
[GFX1-]: No GPUs detected via PCI

(/usr/lib/firefox/firefox:3203): GLib-GObject-CRITICAL **: 10:17:12.613: g_object_set: assertion 'G_IS_OBJECT (object)' failed

(/usr/lib/firefox/firefox:3223): GLib-GObject-CRITICAL **: 10:17:12.866: g_object_set: assertion 'G_IS_OBJECT (object)' failed
console.warn: SearchSettings: "get: No settings file exists, new profile?" (new Error("", "(unknown module)"))

(/usr/lib/firefox/firefox:3291): GLib-GObject-CRITICAL **: 10:17:20.433: g_object_set: assertion 'G_IS_OBJECT (object)' failed
1622024240693	Marionette	INFO	Listening on port 41989
1622024240821	Marionette	WARN	TLS certificate errors will be ignored for this session
1622024281430	mozrunner::runner	INFO	Running command: "/usr/bin/firefox" "-marionette" "-headless" "-foreground" "-no-remote" "-profile" "/tmp/rust_mozprofileXAkQZ5"
*** You are running in headless mode.
console.log: WebExtensions: reset-default-search: No addons in our list are installed.
[GFX1-]: glxtest: libpci missing
[GFX1-]: glxtest: Unable to open a connection to the X server
[GFX1-]: glxtest: libEGL initialize failed
[GFX1-]: No GPUs detected via PCI

(/usr/lib/firefox/firefox:3461): GLib-GObject-CRITICAL **: 10:18:13.069: g_object_set: assertion 'G_IS_OBJECT (object)' failed

(/usr/lib/firefox/firefox:3484): GLib-GObject-CRITICAL **: 10:18:13.274: g_object_set: assertion 'G_IS_OBJECT (object)' failed
console.warn: SearchSettings: "get: No settings file exists, new profile?" (new Error("", "(unknown module)"))
1622024298777	Marionette	INFO	Listening on port 35957

(/usr/lib/firefox/firefox:3558): GLib-GObject-CRITICAL **: 10:18:18.820: g_object_set: assertion 'G_IS_OBJECT (object)' failed
1622024298914	Marionette	WARN	TLS certificate errors will be ignored for this session
1622024330346	mozrunner::runner	INFO	Running command: "/usr/bin/firefox" "-marionette" "-headless" "-foreground" "-no-remote" "-profile" "/tmp/rust_mozprofileH612FZ"
*** You are running in headless mode.
[GFX1-]: glxtest: libpci missing
[GFX1-]: glxtest: Unable to open a connection to the X server
[GFX1-]: glxtest: libEGL initialize failed
[GFX1-]: No GPUs detected via PCI

(/usr/lib/firefox/firefox:3698): GLib-GObject-CRITICAL **: 10:19:02.013: g_object_set: assertion 'G_IS_OBJECT (object)' failed

(/usr/lib/firefox/firefox:3716): GLib-GObject-CRITICAL **: 10:19:07.488: g_object_set: assertion 'G_IS_OBJECT (object)' failed
console.warn: SearchSettings: "get: No settings file exists, new profile?" (new Error("", "(unknown module)"))

(/usr/lib/firefox/firefox:3791): GLib-GObject-CRITICAL **: 10:19:09.492: g_object_set: assertion 'G_IS_OBJECT (object)' failed
1622024349758	Marionette	INFO	Listening on port 43821
1622024349869	Marionette	WARN	TLS certificate errors will be ignored for this session
1622024368919	mozrunner::runner	INFO	Running command: "/usr/bin/firefox" "-marionette" "-headless" "-foreground" "-no-remote" "-profile" "/tmp/rust_mozprofilezfjUZ0"
*** You are running in headless mode.
[GFX1-]: glxtest: libpci missing
[GFX1-]: glxtest: Unable to open a connection to the X server
[GFX1-]: glxtest: libEGL initialize failed
[GFX1-]: No GPUs detected via PCI

(/usr/lib/firefox/firefox:3949): GLib-GObject-CRITICAL **: 10:19:41.142: g_object_set: assertion 'G_IS_OBJECT (object)' failed

(/usr/lib/firefox/firefox:3972): GLib-GObject-CRITICAL **: 10:19:41.366: g_object_set: assertion 'G_IS_OBJECT (object)' failed
console.warn: SearchSettings: "get: No settings file exists, new profile?" (new Error("", "(unknown module)"))
1622024383811	Marionette	INFO	Listening on port 46249
1622024383940	Marionette	WARN	TLS certificate errors will be ignored for this session

(/usr/lib/firefox/firefox:4047): GLib-GObject-CRITICAL **: 10:19:43.942: g_object_set: assertion 'G_IS_OBJECT (object)' failed
console.log: WebExtensions: reset-default-search: No addons in our list are installed.
console.log: WebExtensions: reset-default-search: No addons in our list are installed.
1622024511969	mozrunner::runner	INFO	Running command: "/usr/bin/firefox" "-marionette" "-headless" "-foreground" "-no-remote" "-profile" "/tmp/rust_mozprofileihJxBd"
*** You are running in headless mode.
[GFX1-]: glxtest: libpci missing
[GFX1-]: glxtest: Unable to open a connection to the X server
[GFX1-]: glxtest: libEGL initialize failed
[GFX1-]: No GPUs detected via PCI
console.log: WebExtensions: reset-default-search: No addons in our list are installed.

(/usr/lib/firefox/firefox:4256): GLib-GObject-CRITICAL **: 10:22:03.806: g_object_set: assertion 'G_IS_OBJECT (object)' failed

(/usr/lib/firefox/firefox:4276): GLib-GObject-CRITICAL **: 10:22:03.957: g_object_set: assertion 'G_IS_OBJECT (object)' failed
console.warn: SearchSettings: "get: No settings file exists, new profile?" (new Error("", "(unknown module)"))

(/usr/lib/firefox/firefox:4357): GLib-GObject-CRITICAL **: 10:22:08.894: g_object_set: assertion 'G_IS_OBJECT (object)' failed

(/usr/lib/firefox/firefox:4358): GLib-GObject-CRITICAL **: 10:22:08.894: g_object_set: assertion 'G_IS_OBJECT (object)' failed
1622024529107	Marionette	INFO	Listening on port 43579
1622024529298	Marionette	WARN	TLS certificate errors will be ignored for this session
1622024554569	Marionette	WARN	TimedPromise timed out after 500 ms: stacktrace:
TimedPromise/<@chrome://marionette/content/sync.js:231:19
TimedPromise@chrome://marionette/content/sync.js:216:10
interaction.flushEventLoop@chrome://marionette/content/interaction.js:433:10
webdriverClickElement@chrome://marionette/content/interaction.js:179:31
console.log: WebExtensions: reset-default-search: No addons in our list are installed.
1622024599316	mozrunner::runner	INFO	Running command: "/usr/bin/firefox" "-marionette" "-headless" "-foreground" "-no-remote" "-profile" "/tmp/rust_mozprofileCwXpAe"
*** You are running in headless mode.
[GFX1-]: glxtest: libpci missing
[GFX1-]: glxtest: Unable to open a connection to the X server
[GFX1-]: glxtest: libEGL initialize failed
[GFX1-]: No GPUs detected via PCI
console.log: WebExtensions: reset-default-search: No addons in our list are installed.

(/usr/lib/firefox/firefox:4587): GLib-GObject-CRITICAL **: 10:23:51.301: g_object_set: assertion 'G_IS_OBJECT (object)' failed

(/usr/lib/firefox/firefox:4604): GLib-GObject-CRITICAL **: 10:23:51.582: g_object_set: assertion 'G_IS_OBJECT (object)' failed
console.warn: SearchSettings: "get: No settings file exists, new profile?" (new Error("", "(unknown module)"))

(/usr/lib/firefox/firefox:4689): GLib-GObject-CRITICAL **: 10:24:03.934: g_object_set: assertion 'G_IS_OBJECT (object)' failed
1622024643999	Marionette	INFO	Listening on port 34653
1622024644187	Marionette	WARN	TLS certificate errors will be ignored for this session
1622024689848	mozrunner::runner	INFO	Running command: "/usr/bin/firefox" "-marionette" "-headless" "-foreground" "-no-remote" "-profile" "/tmp/rust_mozprofileIM2F7K"
console.log: WebExtensions: reset-default-search: No addons in our list are installed.
*** You are running in headless mode.
[GFX1-]: glxtest: libpci missing
[GFX1-]: glxtest: Unable to open a connection to the X server
[GFX1-]: glxtest: libEGL initialize failed
[GFX1-]: No GPUs detected via PCI
1622024813751	addons.xpi	ERROR	System addon update list error Error: Failed downloading XML, status: 0, reason: timeout
1622025117948	addons.xpi	ERROR	System addon update list error Error: Failed downloading XML, status: 0, reason: timeout
1622025121616	Marionette	WARN	Ignoring event 'DOMContentLoaded' because document has an invalid readyState of 'loading'.
1622025122014	Marionette	WARN	Ignoring event 'DOMContentLoaded' because document has an invalid readyState of 'loading'.
1622025125748	Marionette	WARN	Ignoring event 'DOMContentLoaded' because document has an invalid readyState of 'loading'.
1622028043198	mozrunner::runner	INFO	Running command: "/usr/bin/firefox" "-marionette" "-headless" "-foreground" "-no-remote" "-profile" "/tmp/rust_mozprofiletW0pS0"
*** You are running in headless mode.
[GFX1-]: glxtest: libpci missing
[GFX1-]: glxtest: Unable to open a connection to the X server
[GFX1-]: glxtest: libEGL initialize failed
[GFX1-]: No GPUs detected via PCI

(/usr/lib/firefox/firefox:107): GLib-GObject-CRITICAL **: 11:20:54.940: g_object_set: assertion 'G_IS_OBJECT (object)' failed

(/usr/lib/firefox/firefox:129): GLib-GObject-CRITICAL **: 11:20:55.125: g_object_set: assertion 'G_IS_OBJECT (object)' failed
console.warn: SearchSettings: "get: No settings file exists, new profile?" (new Error("", "(unknown module)"))
1622028057163	Marionette	INFO	Listening on port 46561

(/usr/lib/firefox/firefox:204): GLib-GObject-CRITICAL **: 11:20:57.205: g_object_set: assertion 'G_IS_OBJECT (object)' failed
1622028057224	Marionette	WARN	TLS certificate errors will be ignored for this session
console.log: WebExtensions: reset-default-search: No addons in our list are installed.
1622030761793	mozrunner::runner	INFO	Running command: "/usr/bin/firefox" "-marionette" "-headless" "-foreground" "-no-remote" "-profile" "/tmp/rust_mozprofileevmEyr"
*** You are running in headless mode.
[GFX1-]: glxtest: libpci missing
[GFX1-]: glxtest: Unable to open a connection to the X server
[GFX1-]: glxtest: libEGL initialize failed
[GFX1-]: No GPUs detected via PCI

(/usr/lib/firefox/firefox:369): GLib-GObject-CRITICAL **: 12:06:13.366: g_object_set: assertion 'G_IS_OBJECT (object)' failed

(/usr/lib/firefox/firefox:389): GLib-GObject-CRITICAL **: 12:06:13.543: g_object_set: assertion 'G_IS_OBJECT (object)' failed
console.warn: SearchSettings: "get: No settings file exists, new profile?" (new Error("", "(unknown module)"))
1622030775140	Marionette	INFO	Listening on port 33849
1622030775175	Marionette	WARN	TLS certificate errors will be ignored for this session

(/usr/lib/firefox/firefox:466): GLib-GObject-CRITICAL **: 12:06:15.203: g_object_set: assertion 'G_IS_OBJECT (object)' failed
1622030815679	mozrunner::runner	INFO	Running command: "/usr/bin/firefox" "-marionette" "-headless" "-foreground" "-no-remote" "-profile" "/tmp/rust_mozprofileBIlBHZ"
*** You are running in headless mode.
[GFX1-]: glxtest: libpci missing
[GFX1-]: glxtest: Unable to open a connection to the X server
[GFX1-]: glxtest: libEGL initialize failed
[GFX1-]: No GPUs detected via PCI

(/usr/lib/firefox/firefox:605): GLib-GObject-CRITICAL **: 12:07:06.468: g_object_set: assertion 'G_IS_OBJECT (object)' failed

(/usr/lib/firefox/firefox:630): GLib-GObject-CRITICAL **: 12:07:06.602: g_object_set: assertion 'G_IS_OBJECT (object)' failed
console.warn: SearchSettings: "get: No settings file exists, new profile?" (new Error("", "(unknown module)"))
1622030828114	Marionette	INFO	Listening on port 33415

(/usr/lib/firefox/firefox:703): GLib-GObject-CRITICAL **: 12:07:08.116: g_object_set: assertion 'G_IS_OBJECT (object)' failed
1622030828176	Marionette	WARN	TLS certificate errors will be ignored for this session
console.log: WebExtensions: reset-default-search: No addons in our list are installed.
console.log: WebExtensions: reset-default-search: No addons in our list are installed.
1622031880581	mozrunner::runner	INFO	Running command: "/usr/bin/firefox" "-marionette" "-headless" "-foreground" "-no-remote" "-profile" "/tmp/rust_mozprofileRojJ6L"
*** You are running in headless mode.
[GFX1-]: glxtest: libpci missing
[GFX1-]: glxtest: Unable to open a connection to the X server
[GFX1-]: glxtest: libEGL initialize failed
[GFX1-]: No GPUs detected via PCI

(/usr/lib/firefox/firefox:896): GLib-GObject-CRITICAL **: 12:24:51.590: g_object_set: assertion 'G_IS_OBJECT (object)' failed

(/usr/lib/firefox/firefox:917): GLib-GObject-CRITICAL **: 12:24:51.694: g_object_set: assertion 'G_IS_OBJECT (object)' failed
console.warn: SearchSettings: "get: No settings file exists, new profile?" (new Error("", "(unknown module)"))
1622031893322	Marionette	INFO	Listening on port 39539

(/usr/lib/firefox/firefox:992): GLib-GObject-CRITICAL **: 12:24:53.376: g_object_set: assertion 'G_IS_OBJECT (object)' failed
1622031893401	Marionette	WARN	TLS certificate errors will be ignored for this session
1622031916435	mozrunner::runner	INFO	Running command: "/usr/bin/firefox" "-marionette" "-headless" "-foreground" "-no-remote" "-profile" "/tmp/rust_mozprofile9AKNx1"
*** You are running in headless mode.
[GFX1-]: glxtest: libpci missing
[GFX1-]: glxtest: Unable to open a connection to the X server
[GFX1-]: glxtest: libEGL initialize failed
[GFX1-]: No GPUs detected via PCI

(/usr/lib/firefox/firefox:1124): GLib-GObject-CRITICAL **: 12:25:27.378: g_object_set: assertion 'G_IS_OBJECT (object)' failed

(/usr/lib/firefox/firefox:1146): GLib-GObject-CRITICAL **: 12:25:27.485: g_object_set: assertion 'G_IS_OBJECT (object)' failed
console.warn: SearchSettings: "get: No settings file exists, new profile?" (new Error("", "(unknown module)"))
1622031928912	Marionette	INFO	Listening on port 42309

(/usr/lib/firefox/firefox:1222): GLib-GObject-CRITICAL **: 12:25:28.917: g_object_set: assertion 'G_IS_OBJECT (object)' failed
1622031929023	Marionette	WARN	TLS certificate errors will be ignored for this session
1622031988907	mozrunner::runner	INFO	Running command: "/usr/bin/firefox" "-marionette" "-headless" "-foreground" "-no-remote" "-profile" "/tmp/rust_mozprofilejkFQAj"
*** You are running in headless mode.
[GFX1-]: glxtest: libpci missing
[GFX1-]: glxtest: Unable to open a connection to the X server
[GFX1-]: glxtest: libEGL initialize failed
[GFX1-]: No GPUs detected via PCI

(/usr/lib/firefox/firefox:1364): GLib-GObject-CRITICAL **: 12:26:39.710: g_object_set: assertion 'G_IS_OBJECT (object)' failed

(/usr/lib/firefox/firefox:1389): GLib-GObject-CRITICAL **: 12:26:39.837: g_object_set: assertion 'G_IS_OBJECT (object)' failed
console.warn: SearchSettings: "get: No settings file exists, new profile?" (new Error("", "(unknown module)"))
1622032001363	Marionette	INFO	Listening on port 33567

(/usr/lib/firefox/firefox:1461): GLib-GObject-CRITICAL **: 12:26:41.501: g_object_set: assertion 'G_IS_OBJECT (object)' failed
1622032001515	Marionette	WARN	TLS certificate errors will be ignored for this session
1622055305958	Marionette	WARN	Ignoring event 'DOMContentLoaded' because document has an invalid readyState of 'loading'.
console.log: WebExtensions: reset-default-search: No addons in our list are installed.
console.log: WebExtensions: reset-default-search: No addons in our list are installed.
console.log: WebExtensions: reset-default-search: No addons in our list are installed.
1622060659034	Marionette	WARN	Ignoring event 'DOMContentLoaded' because document has an invalid readyState of 'loading'.
1622196122657	mozrunner::runner	INFO	Running command: "/usr/bin/firefox" "-marionette" "-headless" "-foreground" "-no-remote" "-profile" "/tmp/rust_mozprofilexCs4WC"
*** You are running in headless mode.
[GFX1-]: glxtest: libpci missing
[GFX1-]: glxtest: Unable to open a connection to the X server
[GFX1-]: glxtest: libEGL initialize failed
[GFX1-]: No GPUs detected via PCI

(/usr/lib/firefox/firefox:110): GLib-GObject-CRITICAL **: 10:02:13.916: g_object_set: assertion 'G_IS_OBJECT (object)' failed

(/usr/lib/firefox/firefox:135): GLib-GObject-CRITICAL **: 10:02:14.047: g_object_set: assertion 'G_IS_OBJECT (object)' failed
console.warn: SearchSettings: "get: No settings file exists, new profile?" (new Error("", "(unknown module)"))
1622196135638	Marionette	INFO	Listening on port 36397

(/usr/lib/firefox/firefox:207): GLib-GObject-CRITICAL **: 10:02:15.729: g_object_set: assertion 'G_IS_OBJECT (object)' failed
1622196135768	Marionette	WARN	TLS certificate errors will be ignored for this session
1622196204391	mozrunner::runner	INFO	Running command: "/usr/bin/firefox" "-marionette" "-headless" "-foreground" "-no-remote" "-profile" "/tmp/rust_mozprofiler06BAU"
*** You are running in headless mode.
[GFX1-]: glxtest: libpci missing
[GFX1-]: glxtest: Unable to open a connection to the X server
[GFX1-]: glxtest: libEGL initialize failed
[GFX1-]: No GPUs detected via PCI

(/usr/lib/firefox/firefox:343): GLib-GObject-CRITICAL **: 10:03:35.625: g_object_set: assertion 'G_IS_OBJECT (object)' failed

(/usr/lib/firefox/firefox:359): GLib-GObject-CRITICAL **: 10:03:35.855: g_object_set: assertion 'G_IS_OBJECT (object)' failed
console.warn: SearchSettings: "get: No settings file exists, new profile?" (new Error("", "(unknown module)"))
1622196217874	Marionette	INFO	Listening on port 40569
1622196217993	Marionette	WARN	TLS certificate errors will be ignored for this session

(/usr/lib/firefox/firefox:438): GLib-GObject-CRITICAL **: 10:03:39.085: g_object_set: assertion 'G_IS_OBJECT (object)' failed
console.log: WebExtensions: reset-default-search: No addons in our list are installed.
console.log: WebExtensions: reset-default-search: No addons in our list are installed.
1622196622715	mozrunner::runner	INFO	Running command: "/usr/bin/firefox" "-marionette" "-headless" "-foreground" "-no-remote" "-profile" "/tmp/rust_mozprofile4byCvx"
*** You are running in headless mode.
[GFX1-]: glxtest: libpci missing
[GFX1-]: glxtest: Unable to open a connection to the X server
[GFX1-]: glxtest: libEGL initialize failed
[GFX1-]: No GPUs detected via PCI

(/usr/lib/firefox/firefox:613): GLib-GObject-CRITICAL **: 10:10:33.805: g_object_set: assertion 'G_IS_OBJECT (object)' failed

(/usr/lib/firefox/firefox:635): GLib-GObject-CRITICAL **: 10:10:33.961: g_object_set: assertion 'G_IS_OBJECT (object)' failed
console.warn: SearchSettings: "get: No settings file exists, new profile?" (new Error("", "(unknown module)"))
1622196636769	Marionette	INFO	Listening on port 34169

(/usr/lib/firefox/firefox:709): GLib-GObject-CRITICAL **: 10:10:36.796: g_object_set: assertion 'G_IS_OBJECT (object)' failed
1622196636901	Marionette	WARN	TLS certificate errors will be ignored for this session
1622196833565	mozrunner::runner	INFO	Running command: "/usr/bin/firefox" "-marionette" "-headless" "-foreground" "-no-remote" "-profile" "/tmp/rust_mozprofile5uBdov"
*** You are running in headless mode.
[GFX1-]: glxtest: libpci missing
[GFX1-]: glxtest: Unable to open a connection to the X server
[GFX1-]: glxtest: libEGL initialize failed
[GFX1-]: No GPUs detected via PCI

(/usr/lib/firefox/firefox:859): GLib-GObject-CRITICAL **: 10:14:04.747: g_object_set: assertion 'G_IS_OBJECT (object)' failed

(/usr/lib/firefox/firefox:884): GLib-GObject-CRITICAL **: 10:14:04.959: g_object_set: assertion 'G_IS_OBJECT (object)' failed
console.warn: SearchSettings: "get: No settings file exists, new profile?" (new Error("", "(unknown module)"))
1622196850133	Marionette	INFO	Listening on port 38953

(/usr/lib/firefox/firefox:957): GLib-GObject-CRITICAL **: 10:14:10.169: g_object_set: assertion 'G_IS_OBJECT (object)' failed
1622196850232	Marionette	WARN	TLS certificate errors will be ignored for this session
console.log: WebExtensions: reset-default-search: No addons in our list are installed.
1622197224384	mozrunner::runner	INFO	Running command: "/usr/bin/firefox" "-marionette" "-headless" "-foreground" "-no-remote" "-profile" "/tmp/rust_mozprofilecROts1"
*** You are running in headless mode.
[GFX1-]: glxtest: libpci missing
[GFX1-]: glxtest: Unable to open a connection to the X server
[GFX1-]: glxtest: libEGL initialize failed
[GFX1-]: No GPUs detected via PCI
console.log: WebExtensions: reset-default-search: No addons in our list are installed.

(/usr/lib/firefox/firefox:1133): GLib-GObject-CRITICAL **: 10:20:35.204: g_object_set: assertion 'G_IS_OBJECT (object)' failed

(/usr/lib/firefox/firefox:1155): GLib-GObject-CRITICAL **: 10:20:35.302: g_object_set: assertion 'G_IS_OBJECT (object)' failed
console.warn: SearchSettings: "get: No settings file exists, new profile?" (new Error("", "(unknown module)"))

(/usr/lib/firefox/firefox:1228): GLib-GObject-CRITICAL **: 10:20:44.923: g_object_set: assertion 'G_IS_OBJECT (object)' failed

(/usr/lib/firefox/firefox:1229): GLib-GObject-CRITICAL **: 10:20:44.967: g_object_set: assertion 'G_IS_OBJECT (object)' failed
1622197245057	Marionette	INFO	Listening on port 46069
1622197245169	Marionette	WARN	TLS certificate errors will be ignored for this session
1622197282502	mozrunner::runner	INFO	Running command: "/usr/bin/firefox" "-marionette" "-headless" "-foreground" "-no-remote" "-profile" "/tmp/rust_mozprofilenO75FL"
*** You are running in headless mode.
[GFX1-]: glxtest: libpci missing
[GFX1-]: glxtest: Unable to open a connection to the X server
[GFX1-]: glxtest: libEGL initialize failed
[GFX1-]: No GPUs detected via PCI

(/usr/lib/firefox/firefox:1387): GLib-GObject-CRITICAL **: 10:21:43.653: g_object_set: assertion 'G_IS_OBJECT (object)' failed

(/usr/lib/firefox/firefox:1392): GLib-GObject-CRITICAL **: 10:21:44.118: g_object_set: assertion 'G_IS_OBJECT (object)' failed
console.warn: SearchSettings: "get: No settings file exists, new profile?" (new Error("", "(unknown module)"))
console.error: Region.jsm: "Error fetching region" (new Error("TIMEOUT", "resource://gre/modules/Region.jsm", 775))
console.error: Region.jsm: "Failed to fetch region" (new Error("TIMEOUT", "resource://gre/modules/Region.jsm", 422))

(/usr/lib/firefox/firefox:1475): GLib-GObject-CRITICAL **: 10:21:54.832: g_object_set: assertion 'G_IS_OBJECT (object)' failed
1622197321210	Marionette	INFO	Listening on port 45003
1622197321312	Marionette	WARN	TLS certificate errors will be ignored for this session
1622197420977	mozrunner::runner	INFO	Running command: "/usr/bin/firefox" "-marionette" "-headless" "-foreground" "-no-remote" "-profile" "/tmp/rust_mozprofileBv03o8"
*** You are running in headless mode.
[GFX1-]: glxtest: libpci missing
[GFX1-]: glxtest: Unable to open a connection to the X server
[GFX1-]: glxtest: libEGL initialize failed
[GFX1-]: No GPUs detected via PCI

(/usr/lib/firefox/firefox:1636): GLib-GObject-CRITICAL **: 10:23:52.150: g_object_set: assertion 'G_IS_OBJECT (object)' failed

(/usr/lib/firefox/firefox:1656): GLib-GObject-CRITICAL **: 10:23:55.479: g_object_set: assertion 'G_IS_OBJECT (object)' failed
console.warn: SearchSettings: "get: No settings file exists, new profile?" (new Error("", "(unknown module)"))

(/usr/lib/firefox/firefox:1723): GLib-GObject-CRITICAL **: 10:24:08.057: g_object_set: assertion 'G_IS_OBJECT (object)' failed
1622197459283	Marionette	INFO	Listening on port 41217
1622197462382	Marionette	WARN	TLS certificate errors will be ignored for this session
console.log: WebExtensions: reset-default-search: No addons in our list are installed.
console.log: WebExtensions: reset-default-search: No addons in our list are installed.
console.log: WebExtensions: reset-default-search: No addons in our list are installed.
console.error: Region.jsm: "Error fetching region" (new Error("TIMEOUT", "resource://gre/modules/Region.jsm", 775))
console.error: Region.jsm: "Failed to fetch region" (new Error("TIMEOUT", "resource://gre/modules/Region.jsm", 422))
1622198269299	mozrunner::runner	INFO	Running command: "/usr/bin/firefox" "-marionette" "-headless" "-foreground" "-no-remote" "-profile" "/tmp/rust_mozprofile4iTUkA"
*** You are running in headless mode.
[GFX1-]: glxtest: libpci missing
[GFX1-]: glxtest: Unable to open a connection to the X server
[GFX1-]: glxtest: libEGL initialize failed
[GFX1-]: No GPUs detected via PCI

(/usr/lib/firefox/firefox:1991): GLib-GObject-CRITICAL **: 10:38:16.621: g_object_set: assertion 'G_IS_OBJECT (object)' failed

(/usr/lib/firefox/firefox:2007): GLib-GObject-CRITICAL **: 10:38:21.860: g_object_set: assertion 'G_IS_OBJECT (object)' failed
console.warn: SearchSettings: "get: No settings file exists, new profile?" (new Error("", "(unknown module)"))

(/usr/lib/firefox/firefox:2080): GLib-GObject-CRITICAL **: 10:38:30.550: g_object_set: assertion 'G_IS_OBJECT (object)' failed
console.error: Region.jsm: "Error fetching region" (new Error("TIMEOUT", "resource://gre/modules/Region.jsm", 775))
console.error: Region.jsm: "Failed to fetch region" (new Error("TIMEOUT", "resource://gre/modules/Region.jsm", 422))
1622198320726	Marionette	INFO	Listening on port 45373
1622198320886	Marionette	WARN	TLS certificate errors will be ignored for this session
1622198352090	mozrunner::runner	INFO	Running command: "/usr/bin/firefox" "-marionette" "-headless" "-foreground" "-no-remote" "-profile" "/tmp/rust_mozprofilea3Dw1w"
*** You are running in headless mode.
[GFX1-]: glxtest: libpci missing
[GFX1-]: glxtest: Unable to open a connection to the X server
[GFX1-]: glxtest: libEGL initialize failed
[GFX1-]: No GPUs detected via PCI

(/usr/lib/firefox/firefox:2234): GLib-GObject-CRITICAL **: 10:39:23.204: g_object_set: assertion 'G_IS_OBJECT (object)' failed

(/usr/lib/firefox/firefox:2259): GLib-GObject-CRITICAL **: 10:39:23.462: g_object_set: assertion 'G_IS_OBJECT (object)' failed
console.warn: SearchSettings: "get: No settings file exists, new profile?" (new Error("", "(unknown module)"))

(/usr/lib/firefox/firefox:2320): GLib-GObject-CRITICAL **: 10:39:30.851: g_object_set: assertion 'G_IS_OBJECT (object)' failed
1622198371123	Marionette	INFO	Listening on port 44849
1622198371342	Marionette	WARN	TLS certificate errors will be ignored for this session
1622198515857	mozrunner::runner	INFO	Running command: "/usr/bin/firefox" "-marionette" "-headless" "-foreground" "-no-remote" "-profile" "/tmp/rust_mozprofileivz6wk"
*** You are running in headless mode.
[GFX1-]: glxtest: libpci missing
[GFX1-]: glxtest: Unable to open a connection to the X server
[GFX1-]: glxtest: libEGL initialize failed
[GFX1-]: No GPUs detected via PCI

(/usr/lib/firefox/firefox:2489): GLib-GObject-CRITICAL **: 10:42:16.515: g_object_set: assertion 'G_IS_OBJECT (object)' failed

(/usr/lib/firefox/firefox:2484): GLib-GObject-CRITICAL **: 10:42:16.522: g_object_set: assertion 'G_IS_OBJECT (object)' failed
console.warn: SearchSettings: "get: No settings file exists, new profile?" (new Error("", "(unknown module)"))
console.error: Region.jsm: "Error fetching region" (new Error("TIMEOUT", "resource://gre/modules/Region.jsm", 775))
console.error: Region.jsm: "Failed to fetch region" (new Error("TIMEOUT", "resource://gre/modules/Region.jsm", 422))

(/usr/lib/firefox/firefox:2573): GLib-GObject-CRITICAL **: 10:42:24.937: g_object_set: assertion 'G_IS_OBJECT (object)' failed
1622198550111	Marionette	INFO	Listening on port 33369
1622198550228	Marionette	WARN	TLS certificate errors will be ignored for this session
1622198582168	Marionette	WARN	TimedPromise timed out after 500 ms: stacktrace:
TimedPromise/<@chrome://marionette/content/sync.js:231:19
TimedPromise@chrome://marionette/content/sync.js:216:10
interaction.flushEventLoop@chrome://marionette/content/interaction.js:433:10
webdriverClickElement@chrome://marionette/content/interaction.js:179:31
1622198614904	mozrunner::runner	INFO	Running command: "/usr/bin/firefox" "-marionette" "-headless" "-foreground" "-no-remote" "-profile" "/tmp/rust_mozprofileOzKQ9E"
*** You are running in headless mode.
[GFX1-]: glxtest: libpci missing
[GFX1-]: glxtest: Unable to open a connection to the X server
[GFX1-]: glxtest: libEGL initialize failed
[GFX1-]: No GPUs detected via PCI

(/usr/lib/firefox/firefox:2746): GLib-GObject-CRITICAL **: 10:44:05.974: g_object_set: assertion 'G_IS_OBJECT (object)' failed

(/usr/lib/firefox/firefox:2779): GLib-GObject-CRITICAL **: 10:44:06.609: g_object_set: assertion 'G_IS_OBJECT (object)' failed
console.warn: SearchSettings: "get: No settings file exists, new profile?" (new Error("", "(unknown module)"))

(/usr/lib/firefox/firefox:2842): GLib-GObject-CRITICAL **: 10:44:15.774: g_object_set: assertion 'G_IS_OBJECT (object)' failed
1622198663962	Marionette	INFO	Listening on port 45337
1622198664241	Marionette	WARN	TLS certificate errors will be ignored for this session
console.log: WebExtensions: reset-default-search: No addons in our list are installed.
1622198691997	mozrunner::runner	INFO	Running command: "/usr/bin/firefox" "-marionette" "-headless" "-foreground" "-no-remote" "-profile" "/tmp/rust_mozprofile0urCKy"
*** You are running in headless mode.
[GFX1-]: glxtest: libpci missing
[GFX1-]: glxtest: Unable to open a connection to the X server
[GFX1-]: glxtest: libEGL initialize failed
[GFX1-]: No GPUs detected via PCI

(/usr/lib/firefox/firefox:3002): GLib-GObject-CRITICAL **: 10:45:03.394: g_object_set: assertion 'G_IS_OBJECT (object)' failed

(/usr/lib/firefox/firefox:3024): GLib-GObject-CRITICAL **: 10:45:03.643: g_object_set: assertion 'G_IS_OBJECT (object)' failed
console.warn: SearchSettings: "get: No settings file exists, new profile?" (new Error("", "(unknown module)"))

(/usr/lib/firefox/firefox:3086): GLib-GObject-CRITICAL **: 10:45:05.580: g_object_set: assertion 'G_IS_OBJECT (object)' failed
1622198707999	Marionette	INFO	Listening on port 46551
1622198708109	Marionette	WARN	TLS certificate errors will be ignored for this session
console.log: WebExtensions: reset-default-search: No addons in our list are installed.
1622198853845	mozrunner::runner	INFO	Running command: "/usr/bin/firefox" "-marionette" "-headless" "-foreground" "-no-remote" "-profile" "/tmp/rust_mozprofile3KQ1Ft"
*** You are running in headless mode.
[GFX1-]: glxtest: libpci missing
[GFX1-]: glxtest: Unable to open a connection to the X server
[GFX1-]: glxtest: libEGL initialize failed
[GFX1-]: No GPUs detected via PCI

(/usr/lib/firefox/firefox:3279): GLib-GObject-CRITICAL **: 10:47:46.855: g_object_set: assertion 'G_IS_OBJECT (object)' failed

(/usr/lib/firefox/firefox:3301): GLib-GObject-CRITICAL **: 10:47:47.044: g_object_set: assertion 'G_IS_OBJECT (object)' failed
console.warn: SearchSettings: "get: No settings file exists, new profile?" (new Error("", "(unknown module)"))
1622198871071	Marionette	INFO	Listening on port 45433
1622198871163	Marionette	WARN	TLS certificate errors will be ignored for this session

(/usr/lib/firefox/firefox:3378): GLib-GObject-CRITICAL **: 10:47:51.248: g_object_set: assertion 'G_IS_OBJECT (object)' failed
console.log: WebExtensions: reset-default-search: No addons in our list are installed.
console.log: WebExtensions: reset-default-search: No addons in our list are installed.
console.log: WebExtensions: reset-default-search: No addons in our list are installed.
console.log: WebExtensions: reset-default-search: No addons in our list are installed.
1622199765777	mozrunner::runner	INFO	Running command: "/usr/bin/firefox" "-marionette" "-headless" "-foreground" "-no-remote" "-profile" "/tmp/rust_mozprofilecahEig"
*** You are running in headless mode.
[GFX1-]: glxtest: libpci missing
[GFX1-]: glxtest: Unable to open a connection to the X server
[GFX1-]: glxtest: libEGL initialize failed
[GFX1-]: No GPUs detected via PCI

(/usr/lib/firefox/firefox:3654): GLib-GObject-CRITICAL **: 11:03:00.902: g_object_set: assertion 'G_IS_OBJECT (object)' failed

(/usr/lib/firefox/firefox:3679): GLib-GObject-CRITICAL **: 11:03:01.302: g_object_set: assertion 'G_IS_OBJECT (object)' failed
console.warn: SearchSettings: "get: No settings file exists, new profile?" (new Error("", "(unknown module)"))

(/usr/lib/firefox/firefox:3742): GLib-GObject-CRITICAL **: 11:03:04.565: g_object_set: assertion 'G_IS_OBJECT (object)' failed
1622199787135	Marionette	INFO	Listening on port 43101
1622199787256	Marionette	WARN	TLS certificate errors will be ignored for this session
1622199803800	mozrunner::runner	INFO	Running command: "/usr/bin/firefox" "-marionette" "-headless" "-foreground" "-no-remote" "-profile" "/tmp/rust_mozprofileQEXLT4"
*** You are running in headless mode.
[GFX1-]: glxtest: libpci missing
[GFX1-]: glxtest: Unable to open a connection to the X server
[GFX1-]: glxtest: libEGL initialize failed
[GFX1-]: No GPUs detected via PCI

(/usr/lib/firefox/firefox:3889): GLib-GObject-CRITICAL **: 11:03:37.108: g_object_set: assertion 'G_IS_OBJECT (object)' failed

(/usr/lib/firefox/firefox:3884): GLib-GObject-CRITICAL **: 11:03:37.259: g_object_set: assertion 'G_IS_OBJECT (object)' failed
console.warn: SearchSettings: "get: No settings file exists, new profile?" (new Error("", "(unknown module)"))

(/usr/lib/firefox/firefox:3979): GLib-GObject-CRITICAL **: 11:03:42.479: g_object_set: assertion 'G_IS_OBJECT (object)' failed
1622199822806	Marionette	INFO	Listening on port 43595
1622199822963	Marionette	WARN	TLS certificate errors will be ignored for this session
1622199983494	mozrunner::runner	INFO	Running command: "/usr/bin/firefox" "-marionette" "-headless" "-foreground" "-no-remote" "-profile" "/tmp/rust_mozprofilepp96zh"
*** You are running in headless mode.
[GFX1-]: glxtest: libpci missing
[GFX1-]: glxtest: Unable to open a connection to the X server
[GFX1-]: glxtest: libEGL initialize failed
[GFX1-]: No GPUs detected via PCI

(/usr/lib/firefox/firefox:4149): GLib-GObject-CRITICAL **: 11:06:35.497: g_object_set: assertion 'G_IS_OBJECT (object)' failed

(/usr/lib/firefox/firefox:4171): GLib-GObject-CRITICAL **: 11:06:35.695: g_object_set: assertion 'G_IS_OBJECT (object)' failed
console.warn: SearchSettings: "get: No settings file exists, new profile?" (new Error("", "(unknown module)"))

(/usr/lib/firefox/firefox:4245): GLib-GObject-CRITICAL **: 11:06:40.281: g_object_set: assertion 'G_IS_OBJECT (object)' failed
1622200000395	Marionette	INFO	Listening on port 41353
1622200000570	Marionette	WARN	TLS certificate errors will be ignored for this session
console.log: WebExtensions: reset-default-search: No addons in our list are installed.
1622200195545	mozrunner::runner	INFO	Running command: "/usr/bin/firefox" "-marionette" "-headless" "-foreground" "-no-remote" "-profile" "/tmp/rust_mozprofilemN2qRH"
*** You are running in headless mode.
console.log: WebExtensions: reset-default-search: No addons in our list are installed.
[GFX1-]: glxtest: libpci missing
[GFX1-]: glxtest: Unable to open a connection to the X server
[GFX1-]: glxtest: libEGL initialize failed
[GFX1-]: No GPUs detected via PCI

(/usr/lib/firefox/firefox:4435): GLib-GObject-CRITICAL **: 11:10:08.555: g_object_set: assertion 'G_IS_OBJECT (object)' failed

(/usr/lib/firefox/firefox:4458): GLib-GObject-CRITICAL **: 11:10:08.793: g_object_set: assertion 'G_IS_OBJECT (object)' failed
console.warn: SearchSettings: "get: No settings file exists, new profile?" (new Error("", "(unknown module)"))

(/usr/lib/firefox/firefox:4529): GLib-GObject-CRITICAL **: 11:10:15.599: g_object_set: assertion 'G_IS_OBJECT (object)' failed
1622200219396	Marionette	INFO	Listening on port 40153
1622200219655	Marionette	WARN	TLS certificate errors will be ignored for this session
1622200233093	mozrunner::runner	INFO	Running command: "/usr/bin/firefox" "-marionette" "-headless" "-foreground" "-no-remote" "-profile" "/tmp/rust_mozprofileLaqkXX"
*** You are running in headless mode.
[GFX1-]: glxtest: libpci missing
[GFX1-]: glxtest: Unable to open a connection to the X server
[GFX1-]: glxtest: libEGL initialize failed
[GFX1-]: No GPUs detected via PCI

(/usr/lib/firefox/firefox:4656): GLib-GObject-CRITICAL **: 11:10:47.817: g_object_set: assertion 'G_IS_OBJECT (object)' failed

(/usr/lib/firefox/firefox:4649): GLib-GObject-CRITICAL **: 11:10:47.818: g_object_set: assertion 'G_IS_OBJECT (object)' failed
console.warn: SearchSettings: "get: No settings file exists, new profile?" (new Error("", "(unknown module)"))
console.error: Region.jsm: "Error fetching region" (new Error("TIMEOUT", "resource://gre/modules/Region.jsm", 775))
console.error: Region.jsm: "Failed to fetch region" (new Error("TIMEOUT", "resource://gre/modules/Region.jsm", 422))
Exiting due to channel error.
Exiting due to channel error.
1622200303161	mozrunner::runner	INFO	Running command: "/usr/bin/firefox" "-marionette" "-headless" "-foreground" "-no-remote" "-profile" "/tmp/rust_mozprofile8YRyfW"
*** You are running in headless mode.
[GFX1-]: glxtest: libpci missing
[GFX1-]: glxtest: Unable to open a connection to the X server
[GFX1-]: glxtest: libEGL initialize failed
[GFX1-]: No GPUs detected via PCI

(/usr/lib/firefox/firefox:4851): GLib-GObject-CRITICAL **: 11:12:01.176: g_object_set: assertion 'G_IS_OBJECT (object)' failed

(/usr/lib/firefox/firefox:4858): GLib-GObject-CRITICAL **: 11:12:01.176: g_object_set: assertion 'G_IS_OBJECT (object)' failed
console.warn: SearchSettings: "get: No settings file exists, new profile?" (new Error("", "(unknown module)"))
console.error: Region.jsm: "Error fetching region" (new Error("TIMEOUT", "resource://gre/modules/Region.jsm", 775))
console.error: Region.jsm: "Failed to fetch region" (new Error("TIMEOUT", "resource://gre/modules/Region.jsm", 422))
Exiting due to channel error.
Exiting due to channel error.
Exiting due to channel error.
console.log: WebExtensions: reset-default-search: No addons in our list are installed.
1622200408713	mozrunner::runner	INFO	Running command: "/usr/bin/firefox" "-marionette" "-headless" "-foreground" "-no-remote" "-profile" "/tmp/rust_mozprofile4MFSop"
*** You are running in headless mode.
[GFX1-]: glxtest: libpci missing
[GFX1-]: glxtest: Unable to open a connection to the X server
[GFX1-]: glxtest: libEGL initialize failed
[GFX1-]: No GPUs detected via PCI

(/usr/lib/firefox/firefox:5060): GLib-GObject-CRITICAL **: 11:13:40.073: g_object_set: assertion 'G_IS_OBJECT (object)' failed

(/usr/lib/firefox/firefox:5085): GLib-GObject-CRITICAL **: 11:13:40.315: g_object_set: assertion 'G_IS_OBJECT (object)' failed
console.warn: SearchSettings: "get: No settings file exists, new profile?" (new Error("", "(unknown module)"))
1622200422713	Marionette	INFO	Listening on port 44371

(/usr/lib/firefox/firefox:5157): GLib-GObject-CRITICAL **: 11:13:42.749: g_object_set: assertion 'G_IS_OBJECT (object)' failed
1622200422816	Marionette	WARN	TLS certificate errors will be ignored for this session
1622200450855	mozrunner::runner	INFO	Running command: "/usr/bin/firefox" "-marionette" "-headless" "-foreground" "-no-remote" "-profile" "/tmp/rust_mozprofilerzyFFn"
*** You are running in headless mode.
[GFX1-]: glxtest: libpci missing
[GFX1-]: glxtest: Unable to open a connection to the X server
[GFX1-]: glxtest: libEGL initialize failed
[GFX1-]: No GPUs detected via PCI

(/usr/lib/firefox/firefox:5266): GLib-GObject-CRITICAL **: 11:14:21.905: g_object_set: assertion 'G_IS_OBJECT (object)' failed

(/usr/lib/firefox/firefox:5291): GLib-GObject-CRITICAL **: 11:14:22.100: g_object_set: assertion 'G_IS_OBJECT (object)' failed
console.warn: SearchSettings: "get: No settings file exists, new profile?" (new Error("", "(unknown module)"))
1622200464097	Marionette	INFO	Listening on port 45203

(/usr/lib/firefox/firefox:5362): GLib-GObject-CRITICAL **: 11:14:24.105: g_object_set: assertion 'G_IS_OBJECT (object)' failed

(/usr/lib/firefox/firefox:5363): GLib-GObject-CRITICAL **: 11:14:24.110: g_object_set: assertion 'G_IS_OBJECT (object)' failed
1622200464240	Marionette	WARN	TLS certificate errors will be ignored for this session
console.log: WebExtensions: reset-default-search: No addons in our list are installed.
console.log: WebExtensions: reset-default-search: No addons in our list are installed.
1622201407412	mozrunner::runner	INFO	Running command: "/usr/bin/firefox" "-marionette" "-headless" "-foreground" "-no-remote" "-profile" "/tmp/rust_mozprofileVJF6ez"
*** You are running in headless mode.
[GFX1-]: glxtest: libpci missing
[GFX1-]: glxtest: Unable to open a connection to the X server
[GFX1-]: glxtest: libEGL initialize failed
[GFX1-]: No GPUs detected via PCI

(/usr/lib/firefox/firefox:5553): GLib-GObject-CRITICAL **: 11:30:18.609: g_object_set: assertion 'G_IS_OBJECT (object)' failed

(/usr/lib/firefox/firefox:5575): GLib-GObject-CRITICAL **: 11:30:18.769: g_object_set: assertion 'G_IS_OBJECT (object)' failed
console.warn: SearchSettings: "get: No settings file exists, new profile?" (new Error("", "(unknown module)"))
1622201420280	Marionette	INFO	Listening on port 45399

(/usr/lib/firefox/firefox:5651): GLib-GObject-CRITICAL **: 11:30:20.337: g_object_set: assertion 'G_IS_OBJECT (object)' failed
1622201420412	Marionette	WARN	TLS certificate errors will be ignored for this session
1622201429964	mozrunner::runner	INFO	Running command: "/usr/bin/firefox" "-marionette" "-headless" "-foreground" "-no-remote" "-profile" "/tmp/rust_mozprofileyqj9om"
*** You are running in headless mode.
[GFX1-]: glxtest: libpci missing
[GFX1-]: glxtest: Unable to open a connection to the X server
[GFX1-]: glxtest: libEGL initialize failed
[GFX1-]: No GPUs detected via PCI

(/usr/lib/firefox/firefox:5763): GLib-GObject-CRITICAL **: 11:30:40.817: g_object_set: assertion 'G_IS_OBJECT (object)' failed

(/usr/lib/firefox/firefox:5783): GLib-GObject-CRITICAL **: 11:30:40.927: g_object_set: assertion 'G_IS_OBJECT (object)' failed
console.warn: SearchSettings: "get: No settings file exists, new profile?" (new Error("", "(unknown module)"))
1622201442244	Marionette	INFO	Listening on port 44863

(/usr/lib/firefox/firefox:5861): GLib-GObject-CRITICAL **: 11:30:42.321: g_object_set: assertion 'G_IS_OBJECT (object)' failed
1622201442343	Marionette	WARN	TLS certificate errors will be ignored for this session
1622201450688	mozrunner::runner	INFO	Running command: "/usr/bin/firefox" "-marionette" "-headless" "-foreground" "-no-remote" "-profile" "/tmp/rust_mozprofileJb9YGD"
*** You are running in headless mode.
[GFX1-]: glxtest: libpci missing
[GFX1-]: glxtest: Unable to open a connection to the X server
[GFX1-]: glxtest: libEGL initialize failed
[GFX1-]: No GPUs detected via PCI

(/usr/lib/firefox/firefox:5977): GLib-GObject-CRITICAL **: 11:31:01.587: g_object_set: assertion 'G_IS_OBJECT (object)' failed

(/usr/lib/firefox/firefox:5999): GLib-GObject-CRITICAL **: 11:31:01.692: g_object_set: assertion 'G_IS_OBJECT (object)' failed
console.warn: SearchSettings: "get: No settings file exists, new profile?" (new Error("", "(unknown module)"))
1622201463036	Marionette	INFO	Listening on port 42253

(/usr/lib/firefox/firefox:6073): GLib-GObject-CRITICAL **: 11:31:03.057: g_object_set: assertion 'G_IS_OBJECT (object)' failed
1622201463191	Marionette	WARN	TLS certificate errors will be ignored for this session
1622201536567	mozrunner::runner	INFO	Running command: "/usr/bin/firefox" "-marionette" "-headless" "-foreground" "-no-remote" "-profile" "/tmp/rust_mozprofileViDr5v"
*** You are running in headless mode.
[GFX1-]: glxtest: libpci missing
[GFX1-]: glxtest: Unable to open a connection to the X server
[GFX1-]: glxtest: libEGL initialize failed
[GFX1-]: No GPUs detected via PCI

(/usr/lib/firefox/firefox:6201): GLib-GObject-CRITICAL **: 11:32:27.382: g_object_set: assertion 'G_IS_OBJECT (object)' failed

(/usr/lib/firefox/firefox:6226): GLib-GObject-CRITICAL **: 11:32:27.554: g_object_set: assertion 'G_IS_OBJECT (object)' failed
console.warn: SearchSettings: "get: No settings file exists, new profile?" (new Error("", "(unknown module)"))
1622201549479	Marionette	INFO	Listening on port 46821

(/usr/lib/firefox/firefox:6297): GLib-GObject-CRITICAL **: 11:32:29.508: g_object_set: assertion 'G_IS_OBJECT (object)' failed
1622201549544	Marionette	WARN	TLS certificate errors will be ignored for this session
1622201563082	mozrunner::runner	INFO	Running command: "/usr/bin/firefox" "-marionette" "-headless" "-foreground" "-no-remote" "-profile" "/tmp/rust_mozprofileY6M2g7"
*** You are running in headless mode.
[GFX1-]: glxtest: libpci missing
[GFX1-]: glxtest: Unable to open a connection to the X server
[GFX1-]: glxtest: libEGL initialize failed
[GFX1-]: No GPUs detected via PCI

(/usr/lib/firefox/firefox:6413): GLib-GObject-CRITICAL **: 11:32:53.899: g_object_set: assertion 'G_IS_OBJECT (object)' failed

(/usr/lib/firefox/firefox:6438): GLib-GObject-CRITICAL **: 11:32:54.035: g_object_set: assertion 'G_IS_OBJECT (object)' failed
console.warn: SearchSettings: "get: No settings file exists, new profile?" (new Error("", "(unknown module)"))
1622201576073	Marionette	INFO	Listening on port 40343

(/usr/lib/firefox/firefox:6509): GLib-GObject-CRITICAL **: 11:32:56.127: g_object_set: assertion 'G_IS_OBJECT (object)' failed
1622201576161	Marionette	WARN	TLS certificate errors will be ignored for this session
1622201596783	mozrunner::runner	INFO	Running command: "/usr/bin/firefox" "-marionette" "-headless" "-foreground" "-no-remote" "-profile" "/tmp/rust_mozprofilekP0iQ5"
*** You are running in headless mode.
[GFX1-]: glxtest: libpci missing
[GFX1-]: glxtest: Unable to open a connection to the X server
[GFX1-]: glxtest: libEGL initialize failed
[GFX1-]: No GPUs detected via PCI

(/usr/lib/firefox/firefox:6635): GLib-GObject-CRITICAL **: 11:33:27.715: g_object_set: assertion 'G_IS_OBJECT (object)' failed

(/usr/lib/firefox/firefox:6657): GLib-GObject-CRITICAL **: 11:33:27.847: g_object_set: assertion 'G_IS_OBJECT (object)' failed
console.warn: SearchSettings: "get: No settings file exists, new profile?" (new Error("", "(unknown module)"))
1622201609567	Marionette	INFO	Listening on port 42729

(/usr/lib/firefox/firefox:6731): GLib-GObject-CRITICAL **: 11:33:29.622: g_object_set: assertion 'G_IS_OBJECT (object)' failed
1622201609685	Marionette	WARN	TLS certificate errors will be ignored for this session
1622201804143	mozrunner::runner	INFO	Running command: "/usr/bin/firefox" "-marionette" "-headless" "-foreground" "-no-remote" "-profile" "/tmp/rust_mozprofile05h3XZ"
*** You are running in headless mode.
console.log: WebExtensions: reset-default-search: No addons in our list are installed.
[GFX1-]: glxtest: libpci missing
[GFX1-]: glxtest: Unable to open a connection to the X server
[GFX1-]: glxtest: libEGL initialize failed
[GFX1-]: No GPUs detected via PCI

(/usr/lib/firefox/firefox:6946): GLib-GObject-CRITICAL **: 11:36:55.253: g_object_set: assertion 'G_IS_OBJECT (object)' failed

(/usr/lib/firefox/firefox:6967): GLib-GObject-CRITICAL **: 11:36:55.360: g_object_set: assertion 'G_IS_OBJECT (object)' failed
console.warn: SearchSettings: "get: No settings file exists, new profile?" (new Error("", "(unknown module)"))

(/usr/lib/firefox/firefox:7042): GLib-GObject-CRITICAL **: 11:36:56.750: g_object_set: assertion 'G_IS_OBJECT (object)' failed
1622201816771	Marionette	INFO	Listening on port 39983
1622201816819	Marionette	WARN	TLS certificate errors will be ignored for this session
console.log: WebExtensions: reset-default-search: No addons in our list are installed.
1622201845992	mozrunner::runner	INFO	Running command: "/usr/bin/firefox" "-marionette" "-headless" "-foreground" "-no-remote" "-profile" "/tmp/rust_mozprofilexC2SFv"
*** You are running in headless mode.
console.log: WebExtensions: reset-default-search: No addons in our list are installed.
[GFX1-]: glxtest: libpci missing
[GFX1-]: glxtest: Unable to open a connection to the X server
[GFX1-]: glxtest: libEGL initialize failed
[GFX1-]: No GPUs detected via PCI

(/usr/lib/firefox/firefox:7197): GLib-GObject-CRITICAL **: 11:37:36.982: g_object_set: assertion 'G_IS_OBJECT (object)' failed

(/usr/lib/firefox/firefox:7224): GLib-GObject-CRITICAL **: 11:37:37.142: g_object_set: assertion 'G_IS_OBJECT (object)' failed
console.warn: SearchSettings: "get: No settings file exists, new profile?" (new Error("", "(unknown module)"))

(/usr/lib/firefox/firefox:7293): GLib-GObject-CRITICAL **: 11:37:39.035: g_object_set: assertion 'G_IS_OBJECT (object)' failed
1622201859042	Marionette	INFO	Listening on port 33963
1622201859187	Marionette	WARN	TLS certificate errors will be ignored for this session
1622201877908	mozrunner::runner	INFO	Running command: "/usr/bin/firefox" "-marionette" "-headless" "-foreground" "-no-remote" "-profile" "/tmp/rust_mozprofile4M7lbn"
*** You are running in headless mode.
[GFX1-]: glxtest: libpci missing
[GFX1-]: glxtest: Unable to open a connection to the X server
[GFX1-]: glxtest: libEGL initialize failed
[GFX1-]: No GPUs detected via PCI

(/usr/lib/firefox/firefox:7439): GLib-GObject-CRITICAL **: 11:38:08.857: g_object_set: assertion 'G_IS_OBJECT (object)' failed

(/usr/lib/firefox/firefox:7461): GLib-GObject-CRITICAL **: 11:38:08.968: g_object_set: assertion 'G_IS_OBJECT (object)' failed
console.warn: SearchSettings: "get: No settings file exists, new profile?" (new Error("", "(unknown module)"))
1622201890926	Marionette	INFO	Listening on port 37893

(/usr/lib/firefox/firefox:7535): GLib-GObject-CRITICAL **: 11:38:10.974: g_object_set: assertion 'G_IS_OBJECT (object)' failed
1622201891062	Marionette	WARN	TLS certificate errors will be ignored for this session
1622201922250	mozrunner::runner	INFO	Running command: "/usr/bin/firefox" "-marionette" "-headless" "-foreground" "-no-remote" "-profile" "/tmp/rust_mozprofileQENAaa"
*** You are running in headless mode.
[GFX1-]: glxtest: libpci missing
[GFX1-]: glxtest: Unable to open a connection to the X server
[GFX1-]: glxtest: libEGL initialize failed
[GFX1-]: No GPUs detected via PCI

(/usr/lib/firefox/firefox:7679): GLib-GObject-CRITICAL **: 11:38:54.006: g_object_set: assertion 'G_IS_OBJECT (object)' failed

(/usr/lib/firefox/firefox:7705): GLib-GObject-CRITICAL **: 11:38:54.181: g_object_set: assertion 'G_IS_OBJECT (object)' failed
console.warn: SearchSettings: "get: No settings file exists, new profile?" (new Error("", "(unknown module)"))

(/usr/lib/firefox/firefox:7771): GLib-GObject-CRITICAL **: 11:38:55.635: g_object_set: assertion 'G_IS_OBJECT (object)' failed
1622201935759	Marionette	INFO	Listening on port 39379
1622201935830	Marionette	WARN	TLS certificate errors will be ignored for this session
console.log: WebExtensions: reset-default-search: No addons in our list are installed.
console.log: WebExtensions: reset-default-search: No addons in our list are installed.
console.log: WebExtensions: reset-default-search: No addons in our list are installed.
1622202023062	mozrunner::runner	INFO	Running command: "/usr/bin/firefox" "-marionette" "-headless" "-foreground" "-no-remote" "-profile" "/tmp/rust_mozprofileW4W7W0"
*** You are running in headless mode.
[GFX1-]: glxtest: libpci missing
[GFX1-]: glxtest: Unable to open a connection to the X server
[GFX1-]: glxtest: libEGL initialize failed
[GFX1-]: No GPUs detected via PCI

(/usr/lib/firefox/firefox:7941): GLib-GObject-CRITICAL **: 11:40:34.001: g_object_set: assertion 'G_IS_OBJECT (object)' failed
console.warn: SearchSettings: "get: No settings file exists, new profile?" (new Error("", "(unknown module)"))

(/usr/lib/firefox/firefox:7964): GLib-GObject-CRITICAL **: 11:40:34.577: g_object_set: assertion 'G_IS_OBJECT (object)' failed
1622202036227	Marionette	INFO	Listening on port 39085

(/usr/lib/firefox/firefox:8039): GLib-GObject-CRITICAL **: 11:40:36.311: g_object_set: assertion 'G_IS_OBJECT (object)' failed
1622202036353	Marionette	WARN	TLS certificate errors will be ignored for this session
1622202058270	mozrunner::runner	INFO	Running command: "/usr/bin/firefox" "-marionette" "-headless" "-foreground" "-no-remote" "-profile" "/tmp/rust_mozprofileGpmC2a"
*** You are running in headless mode.
[GFX1-]: glxtest: libpci missing
[GFX1-]: glxtest: Unable to open a connection to the X server
[GFX1-]: glxtest: libEGL initialize failed
[GFX1-]: No GPUs detected via PCI

(/usr/lib/firefox/firefox:8189): GLib-GObject-CRITICAL **: 11:41:09.831: g_object_set: assertion 'G_IS_OBJECT (object)' failed

(/usr/lib/firefox/firefox:8211): GLib-GObject-CRITICAL **: 11:41:11.408: g_object_set: assertion 'G_IS_OBJECT (object)' failed
console.warn: SearchSettings: "get: No settings file exists, new profile?" (new Error("", "(unknown module)"))

(/usr/lib/firefox/firefox:8280): GLib-GObject-CRITICAL **: 11:41:29.368: g_object_set: assertion 'G_IS_OBJECT (object)' failed
1622202096422	Marionette	INFO	Listening on port 37741
1622202096544	Marionette	WARN	TLS certificate errors will be ignored for this session
1622202136459	Marionette	WARN	TimedPromise timed out after 500 ms: stacktrace:
TimedPromise/<@chrome://marionette/content/sync.js:231:19
TimedPromise@chrome://marionette/content/sync.js:216:10
interaction.flushEventLoop@chrome://marionette/content/interaction.js:433:10
webdriverClickElement@chrome://marionette/content/interaction.js:179:31
console.log: WebExtensions: reset-default-search: No addons in our list are installed.
1622202216152	mozrunner::runner	INFO	Running command: "/usr/bin/firefox" "-marionette" "-headless" "-foreground" "-no-remote" "-profile" "/tmp/rust_mozprofilesLaGg6"
*** You are running in headless mode.
[GFX1-]: glxtest: libpci missing
[GFX1-]: glxtest: Unable to open a connection to the X server
[GFX1-]: glxtest: libEGL initialize failed
[GFX1-]: No GPUs detected via PCI

(/usr/lib/firefox/firefox:8518): GLib-GObject-CRITICAL **: 11:43:47.584: g_object_set: assertion 'G_IS_OBJECT (object)' failed

(/usr/lib/firefox/firefox:8540): GLib-GObject-CRITICAL **: 11:43:47.803: g_object_set: assertion 'G_IS_OBJECT (object)' failed
console.warn: SearchSettings: "get: No settings file exists, new profile?" (new Error("", "(unknown module)"))
1622202232266	Marionette	INFO	Listening on port 36779

(/usr/lib/firefox/firefox:8616): GLib-GObject-CRITICAL **: 11:43:52.323: g_object_set: assertion 'G_IS_OBJECT (object)' failed
1622202232369	Marionette	WARN	TLS certificate errors will be ignored for this session
console.log: WebExtensions: reset-default-search: No addons in our list are installed.
1622202262500	mozrunner::runner	INFO	Running command: "/usr/bin/firefox" "-marionette" "-headless" "-foreground" "-no-remote" "-profile" "/tmp/rust_mozprofileTSa62e"
*** You are running in headless mode.
[GFX1-]: glxtest: libpci missing
[GFX1-]: glxtest: Unable to open a connection to the X server
[GFX1-]: glxtest: libEGL initialize failed
[GFX1-]: No GPUs detected via PCI

(/usr/lib/firefox/firefox:8757): GLib-GObject-CRITICAL **: 11:44:34.536: g_object_set: assertion 'G_IS_OBJECT (object)' failed

(/usr/lib/firefox/firefox:8773): GLib-GObject-CRITICAL **: 11:44:34.838: g_object_set: assertion 'G_IS_OBJECT (object)' failed
console.warn: SearchSettings: "get: No settings file exists, new profile?" (new Error("", "(unknown module)"))

(/usr/lib/firefox/firefox:8842): GLib-GObject-CRITICAL **: 11:44:36.559: g_object_set: assertion 'G_IS_OBJECT (object)' failed
console.log: WebExtensions: reset-default-search: No addons in our list are installed.
1622202284308	Marionette	INFO	Listening on port 33207
1622202284419	Marionette	WARN	TLS certificate errors will be ignored for this session
console.log: WebExtensions: reset-default-search: No addons in our list are installed.
1622202373466	mozrunner::runner	INFO	Running command: "/usr/bin/firefox" "-marionette" "-headless" "-foreground" "-no-remote" "-profile" "/tmp/rust_mozprofilef3AnQF"
*** You are running in headless mode.
[GFX1-]: glxtest: libpci missing
[GFX1-]: glxtest: Unable to open a connection to the X server
[GFX1-]: glxtest: libEGL initialize failed
[GFX1-]: No GPUs detected via PCI

(/usr/lib/firefox/firefox:9042): GLib-GObject-CRITICAL **: 11:46:27.251: g_object_set: assertion 'G_IS_OBJECT (object)' failed

(/usr/lib/firefox/firefox:9062): GLib-GObject-CRITICAL **: 11:46:27.435: g_object_set: assertion 'G_IS_OBJECT (object)' failed
console.warn: SearchSettings: "get: No settings file exists, new profile?" (new Error("", "(unknown module)"))
1622202394004	Marionette	INFO	Listening on port 36547

(/usr/lib/firefox/firefox:9140): GLib-GObject-CRITICAL **: 11:46:34.011: g_object_set: assertion 'G_IS_OBJECT (object)' failed
1622202394133	Marionette	WARN	TLS certificate errors will be ignored for this session
console.log: WebExtensions: reset-default-search: No addons in our list are installed.
1622202448433	mozrunner::runner	INFO	Running command: "/usr/bin/firefox" "-marionette" "-headless" "-foreground" "-no-remote" "-profile" "/tmp/rust_mozprofileG70CJx"
*** You are running in headless mode.
console.log: WebExtensions: reset-default-search: No addons in our list are installed.
[GFX1-]: glxtest: libpci missing
[GFX1-]: glxtest: Unable to open a connection to the X server
[GFX1-]: glxtest: libEGL initialize failed
[GFX1-]: No GPUs detected via PCI

(/usr/lib/firefox/firefox:9307): GLib-GObject-CRITICAL **: 11:47:58.215: g_object_set: assertion 'G_IS_OBJECT (object)' failed

(/usr/lib/firefox/firefox:9313): GLib-GObject-CRITICAL **: 11:47:58.216: g_object_set: assertion 'G_IS_OBJECT (object)' failed
console.warn: SearchSettings: "get: No settings file exists, new profile?" (new Error("", "(unknown module)"))

(/usr/lib/firefox/firefox:9413): GLib-GObject-CRITICAL **: 11:48:16.702: g_object_set: assertion 'G_IS_OBJECT (object)' failed
1622202498496	Marionette	INFO	Listening on port 37523
1622202498739	Marionette	WARN	TLS certificate errors will be ignored for this session
console.log: WebExtensions: reset-default-search: No addons in our list are installed.
console.log: WebExtensions: reset-default-search: No addons in our list are installed.
console.log: WebExtensions: reset-default-search: No addons in our list are installed.
console.log: WebExtensions: reset-default-search: No addons in our list are installed.
1622203958142	mozrunner::runner	INFO	Running command: "/usr/bin/firefox" "-marionette" "-headless" "-foreground" "-no-remote" "-profile" "/tmp/rust_mozprofileFFmpiL"
*** You are running in headless mode.
[GFX1-]: glxtest: libpci missing
[GFX1-]: glxtest: Unable to open a connection to the X server
[GFX1-]: glxtest: libEGL initialize failed
[GFX1-]: No GPUs detected via PCI

(/usr/lib/firefox/firefox:9819): GLib-GObject-CRITICAL **: 12:12:57.705: g_object_set: assertion 'G_IS_OBJECT (object)' failed

(/usr/lib/firefox/firefox:9839): GLib-GObject-CRITICAL **: 12:12:57.705: g_object_set: assertion 'G_IS_OBJECT (object)' failed
console.warn: SearchSettings: "get: No settings file exists, new profile?" (new Error("", "(unknown module)"))
console.error: Region.jsm: "Error fetching region" (new AbortError("The operation was aborted. ", (void 0), 773))
console.error: Region.jsm: "Failed to fetch region" (new Error("NO_RESULT", "resource://gre/modules/Region.jsm", 422))

(/usr/lib/firefox/firefox:9912): GLib-GObject-CRITICAL **: 12:13:11.483: g_object_set: assertion 'G_IS_OBJECT (object)' failed
1622203991701	Marionette	INFO	Listening on port 43063
1622203991852	Marionette	WARN	TLS certificate errors will be ignored for this session
1622204109867	mozrunner::runner	INFO	Running command: "/usr/bin/firefox" "-marionette" "-headless" "-foreground" "-no-remote" "-profile" "/tmp/rust_mozprofileBKKA7i"
*** You are running in headless mode.
[GFX1-]: glxtest: libpci missing
[GFX1-]: glxtest: Unable to open a connection to the X server
[GFX1-]: glxtest: libEGL initialize failed
[GFX1-]: No GPUs detected via PCI

(/usr/lib/firefox/firefox:10073): GLib-GObject-CRITICAL **: 12:15:28.566: g_object_set: assertion 'G_IS_OBJECT (object)' failed

(/usr/lib/firefox/firefox:10079): GLib-GObject-CRITICAL **: 12:15:28.566: g_object_set: assertion 'G_IS_OBJECT (object)' failed
console.warn: SearchSettings: "get: No settings file exists, new profile?" (new Error("", "(unknown module)"))
console.error: Region.jsm: "Error fetching region" (new Error("TIMEOUT", "resource://gre/modules/Region.jsm", 775))
console.error: Region.jsm: "Failed to fetch region" (new Error("TIMEOUT", "resource://gre/modules/Region.jsm", 422))
Exiting due to channel error.
Exiting due to channel error.
1622204174059	Marionette	WARN	Ignoring event 'DOMContentLoaded' because document has an invalid readyState of 'loading'.
1622204242062	mozrunner::runner	INFO	Running command: "/usr/bin/firefox" "-marionette" "-headless" "-foreground" "-no-remote" "-profile" "/tmp/rust_mozprofileR08d1r"
*** You are running in headless mode.
[GFX1-]: glxtest: libpci missing
[GFX1-]: glxtest: Unable to open a connection to the X server
[GFX1-]: glxtest: libEGL initialize failed
[GFX1-]: No GPUs detected via PCI

(/usr/lib/firefox/firefox:10290): GLib-GObject-CRITICAL **: 12:17:33.636: g_object_set: assertion 'G_IS_OBJECT (object)' failed

(/usr/lib/firefox/firefox:10313): GLib-GObject-CRITICAL **: 12:17:33.775: g_object_set: assertion 'G_IS_OBJECT (object)' failed
console.warn: SearchSettings: "get: No settings file exists, new profile?" (new Error("", "(unknown module)"))
1622204256166	Marionette	INFO	Listening on port 34831

(/usr/lib/firefox/firefox:10385): GLib-GObject-CRITICAL **: 12:17:36.252: g_object_set: assertion 'G_IS_OBJECT (object)' failed
1622204256269	Marionette	WARN	TLS certificate errors will be ignored for this session
1622204332727	mozrunner::runner	INFO	Running command: "/usr/bin/firefox" "-marionette" "-headless" "-foreground" "-no-remote" "-profile" "/tmp/rust_mozprofileSWEHIi"
*** You are running in headless mode.
[GFX1-]: glxtest: libpci missing
[GFX1-]: glxtest: Unable to open a connection to the X server
[GFX1-]: glxtest: libEGL initialize failed
[GFX1-]: No GPUs detected via PCI

(/usr/lib/firefox/firefox:10523): GLib-GObject-CRITICAL **: 12:19:03.667: g_object_set: assertion 'G_IS_OBJECT (object)' failed

(/usr/lib/firefox/firefox:10545): GLib-GObject-CRITICAL **: 12:19:03.767: g_object_set: assertion 'G_IS_OBJECT (object)' failed
console.warn: SearchSettings: "get: No settings file exists, new profile?" (new Error("", "(unknown module)"))

(/usr/lib/firefox/firefox:10619): GLib-GObject-CRITICAL **: 12:19:05.579: g_object_set: assertion 'G_IS_OBJECT (object)' failed
1622204345701	Marionette	INFO	Listening on port 38643
1622204345832	Marionette	WARN	TLS certificate errors will be ignored for this session
console.log: WebExtensions: reset-default-search: No addons in our list are installed.
console.log: WebExtensions: reset-default-search: No addons in our list are installed.
1622211967820	mozrunner::runner	INFO	Running command: "/usr/bin/firefox" "-marionette" "-headless" "-foreground" "-no-remote" "-profile" "/tmp/rust_mozprofilehkuWep"
*** You are running in headless mode.
[GFX1-]: glxtest: libpci missing
[GFX1-]: glxtest: Unable to open a connection to the X server
[GFX1-]: glxtest: libEGL initialize failed
[GFX1-]: No GPUs detected via PCI

(/usr/lib/firefox/firefox:10884): GLib-GObject-CRITICAL **: 14:26:18.761: g_object_set: assertion 'G_IS_OBJECT (object)' failed

(/usr/lib/firefox/firefox:10908): GLib-GObject-CRITICAL **: 14:26:18.890: g_object_set: assertion 'G_IS_OBJECT (object)' failed
console.warn: SearchSettings: "get: No settings file exists, new profile?" (new Error("", "(unknown module)"))
1622211980575	Marionette	INFO	Listening on port 40549

(/usr/lib/firefox/firefox:10980): GLib-GObject-CRITICAL **: 14:26:20.631: g_object_set: assertion 'G_IS_OBJECT (object)' failed
1622211980723	Marionette	WARN	TLS certificate errors will be ignored for this session
console.log: WebExtensions: reset-default-search: No addons in our list are installed.
1622409111095	mozrunner::runner	INFO	Running command: "/usr/bin/firefox" "-marionette" "-headless" "-foreground" "-no-remote" "-profile" "/tmp/rust_mozprofileZ2LTdo"
*** You are running in headless mode.
[GFX1-]: glxtest: libpci missing
[GFX1-]: glxtest: Unable to open a connection to the X server
[GFX1-]: glxtest: libEGL initialize failed
[GFX1-]: No GPUs detected via PCI

(/usr/lib/firefox/firefox:9797): GLib-GObject-CRITICAL **: 21:12:02.861: g_object_set: assertion 'G_IS_OBJECT (object)' failed

(/usr/lib/firefox/firefox:9822): GLib-GObject-CRITICAL **: 21:12:03.002: g_object_set: assertion 'G_IS_OBJECT (object)' failed
console.warn: SearchSettings: "get: No settings file exists, new profile?" (new Error("", "(unknown module)"))
1622409124617	Marionette	INFO	Listening on port 43913

(/usr/lib/firefox/firefox:9911): GLib-GObject-CRITICAL **: 21:12:04.688: g_object_set: assertion 'G_IS_OBJECT (object)' failed
1622409124692	Marionette	WARN	TLS certificate errors will be ignored for this session
1622409152101	mozrunner::runner	INFO	Running command: "/usr/bin/firefox" "-marionette" "-headless" "-foreground" "-no-remote" "-profile" "/tmp/rust_mozprofilep4Nyk7"
*** You are running in headless mode.
[GFX1-]: glxtest: libpci missing
[GFX1-]: glxtest: Unable to open a connection to the X server
[GFX1-]: glxtest: libEGL initialize failed
[GFX1-]: No GPUs detected via PCI

(/usr/lib/firefox/firefox:10368): GLib-GObject-CRITICAL **: 21:12:42.976: g_object_set: assertion 'G_IS_OBJECT (object)' failed

(/usr/lib/firefox/firefox:10388): GLib-GObject-CRITICAL **: 21:12:43.087: g_object_set: assertion 'G_IS_OBJECT (object)' failed
console.warn: SearchSettings: "get: No settings file exists, new profile?" (new Error("", "(unknown module)"))
1622409165096	Marionette	INFO	Listening on port 43757

(/usr/lib/firefox/firefox:10478): GLib-GObject-CRITICAL **: 21:12:45.135: g_object_set: assertion 'G_IS_OBJECT (object)' failed
1622409165218	Marionette	WARN	TLS certificate errors will be ignored for this session
1622409184178	mozrunner::runner	INFO	Running command: "/usr/bin/firefox" "-marionette" "-headless" "-foreground" "-no-remote" "-profile" "/tmp/rust_mozprofileJ1tokQ"
*** You are running in headless mode.
[GFX1-]: glxtest: libpci missing
[GFX1-]: glxtest: Unable to open a connection to the X server
[GFX1-]: glxtest: libEGL initialize failed
[GFX1-]: No GPUs detected via PCI

(/usr/lib/firefox/firefox:10873): GLib-GObject-CRITICAL **: 21:13:14.959: g_object_set: assertion 'G_IS_OBJECT (object)' failed

(/usr/lib/firefox/firefox:10898): GLib-GObject-CRITICAL **: 21:13:15.093: g_object_set: assertion 'G_IS_OBJECT (object)' failed
console.warn: SearchSettings: "get: No settings file exists, new profile?" (new Error("", "(unknown module)"))
1622409196834	Marionette	INFO	Listening on port 33297

(/usr/lib/firefox/firefox:10982): GLib-GObject-CRITICAL **: 21:13:16.897: g_object_set: assertion 'G_IS_OBJECT (object)' failed
1622409196958	Marionette	WARN	TLS certificate errors will be ignored for this session
